<?xml version="1.0" encoding="UTF-8"?>
<!-- Generated by org.testng.reporters.JUnitReportReporter -->
<testsuite skipped="0" hostname="ALIPL0628" name="com.gmail.login.TestLogin" tests="2" failures="0" timestamp="26 Feb 2019 10:24:32 GMT" time="15.713" errors="0">
  <testcase name="testLogout" time="12.607" classname="com.gmail.login.TestLogin"/>
  <testcase name="testLogin" time="3.106" classname="com.gmail.login.TestLogin"/>
</testsuite> <!-- com.gmail.login.TestLogin -->
